<?xml version="1.0" encoding="UTF-8"?>
<!-- Generated by org.testng.reporters.JUnitReportReporter -->
<testsuite hostname="LAPTOP-C0DB26CP" failures="0" tests="1" name="MyFramework.VerifyCart" time="2.304" errors="0" timestamp="2021-01-03T22:04:26 IST" skipped="0">
  <testcase classname="MyFramework.VerifyCart" name="cartVerification" time="2.304"/>
  <system-out/>
</testsuite> <!-- MyFramework.VerifyCart -->
