<?xml version="1.0" encoding="UTF-8"?>
<!-- Generated by org.testng.reporters.JUnitReportReporter -->
<testsuite hostname="LAPTOP-C0DB26CP" failures="0" tests="1" name="MyFramework.GetMobilePhoneCost" time="9.315" errors="0" timestamp="2020-12-29T14:20:50 IST" skipped="0">
  <testcase classname="MyFramework.GetMobilePhoneCost" name="getSite" time="9.315"/>
  <system-out/>
</testsuite> <!-- MyFramework.GetMobilePhoneCost -->
