<?xml version="1.0" encoding="UTF-8"?>
<!-- Generated by org.testng.reporters.JUnitReportReporter -->
<testsuite hostname="LAPTOP-C0DB26CP" failures="0" tests="1" name="MyFramework.AppTest" time="9.910" errors="0" timestamp="2020-12-29T14:18:03 IST" skipped="0">
  <testcase classname="MyFramework.AppTest" name="getSite" time="9.910"/>
  <system-out/>
</testsuite> <!-- MyFramework.AppTest -->
