<?xml version="1.0" encoding="UTF-8"?>
<!-- Generated by org.testng.reporters.JUnitReportReporter -->
<testsuite hostname="LAPTOP-C0DB26CP" failures="0" tests="1" name="MyFramework.VerifyCart" time="6.449" errors="0" timestamp="2021-01-04T14:43:01 IST" skipped="0">
  <testcase classname="MyFramework.VerifyCart" name="cartVerification" time="6.449"/>
  <system-out/>
</testsuite> <!-- MyFramework.VerifyCart -->
